c:\users\khvit\project with oop\lab2\x64\debug\vc143.pdb
c:\users\khvit\project with oop\lab2\x64\debug\vc143.idb
c:\users\khvit\project with oop\lab2\x64\debug\point_plus_shape.obj
c:\users\khvit\project with oop\lab2\x64\debug\shape_editor.obj
c:\users\khvit\project with oop\lab2\x64\debug\shapeeditor.obj
c:\users\khvit\project with oop\lab2\x64\debug\shape.obj
c:\users\khvit\project with oop\lab2\x64\debug\rect_shape.obj
c:\users\khvit\project with oop\lab2\x64\debug\point_shape.obj
c:\users\khvit\project with oop\lab2\x64\debug\line_shape.obj
c:\users\khvit\project with oop\lab2\x64\debug\ellipse_shape.obj
c:\users\khvit\project with oop\lab2\x64\debug\rect_editor.obj
c:\users\khvit\project with oop\lab2\x64\debug\point_plus_editor.obj
c:\users\khvit\project with oop\lab2\x64\debug\point_editor.obj
c:\users\khvit\project with oop\lab2\x64\debug\line_editor.obj
c:\users\khvit\project with oop\lab2\x64\debug\lab2.obj
c:\users\khvit\project with oop\lab2\x64\debug\ellipse_editor.obj
c:\users\khvit\project with oop\lab2\x64\debug\lab2.exe
c:\users\khvit\project with oop\lab2\x64\debug\lab2.ilk
c:\users\khvit\project with oop\lab2\x64\debug\lab2.pdb
c:\users\khvit\project with oop\lab2\x64\debug\lab2.res
c:\users\khvit\project with oop\lab2\x64\debug\nativecodeanalysis.read.1.tlog
c:\users\khvit\project with oop\lab2\x64\debug\lab2.nativecodeanalysis.xml
c:\users\khvit\project with oop\lab2\x64\debug\vc.nativecodeanalysis.all.xml
c:\users\khvit\project with oop\lab2\x64\debug\lab2.exe.lastcodeanalysissucceeded
c:\users\khvit\project with oop\lab2\x64\debug\lab2.tlog\cl.command.1.tlog
c:\users\khvit\project with oop\lab2\x64\debug\lab2.tlog\cl.items.tlog
c:\users\khvit\project with oop\lab2\x64\debug\lab2.tlog\cl.read.1.tlog
c:\users\khvit\project with oop\lab2\x64\debug\lab2.tlog\cl.write.1.tlog
c:\users\khvit\project with oop\lab2\x64\debug\lab2.tlog\link.command.1.tlog
c:\users\khvit\project with oop\lab2\x64\debug\lab2.tlog\link.read.1.tlog
c:\users\khvit\project with oop\lab2\x64\debug\lab2.tlog\link.write.1.tlog
c:\users\khvit\project with oop\lab2\x64\debug\lab2.tlog\rc.command.1.tlog
c:\users\khvit\project with oop\lab2\x64\debug\lab2.tlog\rc.read.1.tlog
c:\users\khvit\project with oop\lab2\x64\debug\lab2.tlog\rc.write.1.tlog
